<?xml version="1.0" encoding="UTF-8"?>
<testsuite xmlns:xsi="http://www.w3.org/2001/XMLSchema-instance" xsi:noNamespaceSchemaLocation="https://maven.apache.org/surefire/maven-surefire-plugin/xsd/surefire-test-report.xsd" version="3.0.2" name="com.bac.AccountTypesTest" time="2.251" tests="19" errors="1" skipped="0" failures="1">
  <properties>
[...]
</properties>
  <testcase name="testInvestmentAccountValidatesInitialDeposit" classname="com.bac.AccountTypesTest" time="0.19"/>
  <testcase name="testChequeAccountStoresEmploymentDetails" classname="com.bac.AccountTypesTest" time="0.109"/>
  <testcase name="testInvestmentAccountEnforcesMinimumBalance" classname="com.bac.AccountTypesTest" time="0.12"/>
  <testcase name="testInvestmentAccountAllowsDeposits" classname="com.bac.AccountTypesTest" time="0.119"/>
  <testcase name="testChequeAccountCanUpdateEmploymentDetails" classname="com.bac.AccountTypesTest" time="0.109"/>
  <testcase name="testSavingsAccountAllowsDeposits" classname="com.bac.AccountTypesTest" time="0.111"/>
  <testcase name="testAccountBlocksNegativeDeposit" classname="com.bac.AccountTypesTest" time="0.11"/>
  <testcase name="testSavingsAccountCalculatesMonthlyInterest" classname="com.bac.AccountTypesTest" time="0.115">
    <failure message="Interest should be positive after 30+ days" type="java.lang.AssertionError"><![CDATA[java.lang.AssertionError: Interest should be positive after 30+ days
	at org.junit.Assert.fail(Assert.java:89)
	at org.junit.Assert.assertTrue(Assert.java:42)
	at com.bac.AccountTypesTest.testSavingsAccountCalculatesMonthlyInterest(AccountTypesTest.java:99)
	at java.base/jdk.internal.reflect.NativeMethodAccessorImpl.invoke0(Native Method)
	at java.base/jdk.internal.reflect.NativeMethodAccessorImpl.invoke(NativeMethodAccessorImpl.java:77)
	at java.base/jdk.internal.reflect.DelegatingMethodAccessorImpl.invoke(DelegatingMethodAccessorImpl.java:43)
	at java.base/java.lang.reflect.Method.invoke(Method.java:569)
	at org.junit.runners.model.FrameworkMethod$1.runReflectiveCall(FrameworkMethod.java:59)
	at org.junit.internal.runners.model.ReflectiveCallable.run(ReflectiveCallable.java:12)
	at org.junit.runners.model.FrameworkMethod.invokeExplosively(FrameworkMethod.java:56)
	at org.junit.internal.runners.statements.InvokeMethod.evaluate(InvokeMethod.java:17)
	at org.junit.internal.runners.statements.RunBefores.evaluate(RunBefores.java:26)
	at org.junit.runners.ParentRunner$3.evaluate(ParentRunner.java:306)
	at org.junit.runners.BlockJUnit4ClassRunner$1.evaluate(BlockJUnit4ClassRunner.java:100)
	at org.junit.runners.ParentRunner.runLeaf(ParentRunner.java:366)
	at org.junit.runners.BlockJUnit4ClassRunner.runChild(BlockJUnit4ClassRunner.java:103)
	at org.junit.runners.BlockJUnit4ClassRunner.runChild(BlockJUnit4ClassRunner.java:63)
	at org.junit.runners.ParentRunner$4.run(ParentRunner.java:331)
	at org.junit.runners.ParentRunner$1.schedule(ParentRunner.java:79)
	at org.junit.runners.ParentRunner.runChildren(ParentRunner.java:329)
	at org.junit.runners.ParentRunner.access$100(ParentRunner.java:66)
	at org.junit.runners.ParentRunner$2.evaluate(ParentRunner.java:293)
	at org.junit.runners.ParentRunner$3.evaluate(ParentRunner.java:306)
	at org.junit.runners.ParentRunner.run(ParentRunner.java:413)
	at org.apache.maven.surefire.junit4.JUnit4Provider.execute(JUnit4Provider.java:316)
	at org.apache.maven.surefire.junit4.JUnit4Provider.executeWithRerun(JUnit4Provider.java:240)
	at org.apache.maven.surefire.junit4.JUnit4Provider.executeTestSet(JUnit4Provider.java:214)
	at org.apache.maven.surefire.junit4.JUnit4Provider.invoke(JUnit4Provider.java:155)
	at org.apache.maven.surefire.booter.ForkedBooter.runSuitesInProcess(ForkedBooter.java:385)
	at org.apache.maven.surefire.booter.ForkedBooter.execute(ForkedBooter.java:162)
	at org.apache.maven.surefire.booter.ForkedBooter.run(ForkedBooter.java:507)
	at org.apache.maven.surefire.booter.ForkedBooter.main(ForkedBooter.java:495)
]]></failure>
  </testcase>
  <testcase name="testInvestmentAccountCalculatesQuarterlyInterest" classname="com.bac.AccountTypesTest" time="0.109"/>
  <testcase name="testSavingsAccountEnforcesMinimumBalance" classname="com.bac.AccountTypesTest" time="0.114"/>
  <testcase name="testAccountCannotOperateWhenInactive" classname="com.bac.AccountTypesTest" time="0.111"/>
  <testcase name="testChequeAccountAllowsDeposits" classname="com.bac.AccountTypesTest" time="0.11"/>
  <testcase name="testInvestmentAccountAllowsWithdrawals" classname="com.bac.AccountTypesTest" time="0.111">
    <error message="Investment accounts require 30-day notice for withdrawals" type="java.lang.IllegalArgumentException"><![CDATA[java.lang.IllegalArgumentException: Investment accounts require 30-day notice for withdrawals
	at model.InvestmentAccount.withdrawAmount(InvestmentAccount.java:71)
	at com.bac.AccountTypesTest.testInvestmentAccountAllowsWithdrawals(AccountTypesTest.java:130)
	at java.base/jdk.internal.reflect.NativeMethodAccessorImpl.invoke0(Native Method)
	at java.base/jdk.internal.reflect.NativeMethodAccessorImpl.invoke(NativeMethodAccessorImpl.java:77)
	at java.base/jdk.internal.reflect.DelegatingMethodAccessorImpl.invoke(DelegatingMethodAccessorImpl.java:43)
	at java.base/java.lang.reflect.Method.invoke(Method.java:569)
	at org.junit.runners.model.FrameworkMethod$1.runReflectiveCall(FrameworkMethod.java:59)
	at org.junit.internal.runners.model.ReflectiveCallable.run(ReflectiveCallable.java:12)
	at org.junit.runners.model.FrameworkMethod.invokeExplosively(FrameworkMethod.java:56)
	at org.junit.internal.runners.statements.InvokeMethod.evaluate(InvokeMethod.java:17)
	at org.junit.internal.runners.statements.RunBefores.evaluate(RunBefores.java:26)
	at org.junit.runners.ParentRunner$3.evaluate(ParentRunner.java:306)
	at org.junit.runners.BlockJUnit4ClassRunner$1.evaluate(BlockJUnit4ClassRunner.java:100)
	at org.junit.runners.ParentRunner.runLeaf(ParentRunner.java:366)
	at org.junit.runners.BlockJUnit4ClassRunner.runChild(BlockJUnit4ClassRunner.java:103)
	at org.junit.runners.BlockJUnit4ClassRunner.runChild(BlockJUnit4ClassRunner.java:63)
	at org.junit.runners.ParentRunner$4.run(ParentRunner.java:331)
	at org.junit.runners.ParentRunner$1.schedule(ParentRunner.java:79)
	at org.junit.runners.ParentRunner.runChildren(ParentRunner.java:329)
	at org.junit.runners.ParentRunner.access$100(ParentRunner.java:66)
	at org.junit.runners.ParentRunner$2.evaluate(ParentRunner.java:293)
	at org.junit.runners.ParentRunner$3.evaluate(ParentRunner.java:306)
	at org.junit.runners.ParentRunner.run(ParentRunner.java:413)
	at org.apache.maven.surefire.junit4.JUnit4Provider.execute(JUnit4Provider.java:316)
	at org.apache.maven.surefire.junit4.JUnit4Provider.executeWithRerun(JUnit4Provider.java:240)
	at org.apache.maven.surefire.junit4.JUnit4Provider.executeTestSet(JUnit4Provider.java:214)
	at org.apache.maven.surefire.junit4.JUnit4Provider.invoke(JUnit4Provider.java:155)
	at org.apache.maven.surefire.booter.ForkedBooter.runSuitesInProcess(ForkedBooter.java:385)
	at org.apache.maven.surefire.booter.ForkedBooter.execute(ForkedBooter.java:162)
	at org.apache.maven.surefire.booter.ForkedBooter.run(ForkedBooter.java:507)
	at org.apache.maven.surefire.booter.ForkedBooter.main(ForkedBooter.java:495)
]]></error>
  </testcase>
  <testcase name="testSavingsAccountAllowsTransfers" classname="com.bac.AccountTypesTest" time="0.114">
    <system-out><![CDATA[SavingsAccount: Transfer completed successfully
]]></system-out>
  </testcase>
  <testcase name="testAccountBlocksInsufficientWithdrawal" classname="com.bac.AccountTypesTest" time="0.109"/>
  <testcase name="testSavingsAccountBlocksWithdrawals" classname="com.bac.AccountTypesTest" time="0.112"/>
  <testcase name="testChequeAccountAllowsWithdrawals" classname="com.bac.AccountTypesTest" time="0.111"/>
  <testcase name="testInvestmentAccountRequires30DayNotice" classname="com.bac.AccountTypesTest" time="0.111"/>
  <testcase name="testSavingsAccountNoInterestBeforeMonth" classname="com.bac.AccountTypesTest" time="0.111"/>
</testsuite>